Building DAG of jobs...
Using shell: /bin/bash
Provided cores: 1 (use --cores to define parallelism)
Rules claiming more threads will be scaled down.
Job stats:
job      count
-----  -------
all          1
total        1

Select jobs to execute...
Execute 1 jobs...

[Fri Mar 22 23:33:59 2024]
localrule all:
    output: output.txt
    log: all.log
    jobid: 0
    reason: Missing output files: output.txt
    resources: tmpdir=/tmp

RuleException:
CalledProcessError in file /home/bioinf/bhklab/jermiah/repos/test_snakemake/Snakefile, line 13:
Command 'set -euo pipefail;  Rscript --vanilla /home/bioinf/bhklab/jermiah/repos/test_snakemake/.snakemake/scripts/tmp8ikyee63.snakemake_template.R' returned non-zero exit status 1.
[Fri Mar 22 23:33:59 2024]
Error in rule all:
    jobid: 0
    output: output.txt
    log: all.log (check log file(s) for error details)

Shutting down, this might take some time.
Exiting because a job execution failed. Look above for error message
Complete log: .snakemake/log/2024-03-22T233359.425506.snakemake.log
WorkflowError:
At least one job did not complete successfully.
