Building DAG of jobs...
Using shell: /bin/bash
Provided cores: 1 (use --cores to define parallelism)
Rules claiming more threads will be scaled down.
Job stats:
job      count
-----  -------
all          1
total        1

Select jobs to execute...
Execute 1 jobs...

[Fri Mar 22 23:22:13 2024]
localrule all:
    output: output.txt
    log: all.log
    jobid: 0
    reason: Missing output files: output.txt
    resources: tmpdir=/tmp

Waiting at most 5 seconds for missing files.
Terminating processes on user request, this might take some time.
Complete log: .snakemake/log/2024-03-22T232213.384055.snakemake.log
WorkflowError:
At least one job did not complete successfully.
